<?xml version="1.0" encoding="UTF-8"?>
<!-- Generated by org.testng.reporters.JUnitReportReporter -->
<testsuite hostname="IN-9GGS0F3" failures="0" tests="1" name="com.flipkart.Flipkart_Automation.BuyNowTest" time="11.947" errors="0" timestamp="2024-03-06T01:22:43 IST" skipped="0">
  <testcase classname="com.flipkart.Flipkart_Automation.BuyNowTest" name="testBuyNowButton" time="11.947"/>
</testsuite> <!-- com.flipkart.Flipkart_Automation.BuyNowTest -->
