<?xml version="1.0" encoding="UTF-8"?>
<!-- Generated by org.testng.reporters.JUnitReportReporter -->
<testsuite hostname="IN-9GGS0F3" failures="0" tests="2" name="com.flipkart.Flipkart_Automation.PriorityTest" time="16.827" errors="0" timestamp="2024-03-05T15:34:35 IST" skipped="0">
  <testcase classname="com.flipkart.Flipkart_Automation.PriorityTest" name="testAddToCart" time="11.656"/>
  <testcase classname="com.flipkart.Flipkart_Automation.PriorityTest" name="testAddNewItem" time="5.171"/>
</testsuite> <!-- com.flipkart.Flipkart_Automation.PriorityTest -->
