<?xml version="1.0" encoding="UTF-8"?>
<!-- Generated by org.testng.reporters.JUnitReportReporter -->
<testsuite hostname="IN-9GGS0F3" failures="0" tests="1" name="com.flipkart.Flipkart_Automation.RemovefromCartTest" time="11.486" errors="0" timestamp="2024-03-05T15:30:33 IST" skipped="0">
  <testcase classname="com.flipkart.Flipkart_Automation.RemovefromCartTest" name="testRemoveFromCart" time="11.486"/>
</testsuite> <!-- com.flipkart.Flipkart_Automation.RemovefromCartTest -->
