<?xml version="1.0" encoding="UTF-8"?>
<!-- Generated by org.testng.reporters.JUnitReportReporter -->
<testsuite hostname="IN-9GGS0F3" failures="0" tests="1" name="com.flipkart.Flipkart_Automation.BuyNowTest" time="11.902" errors="0" timestamp="05 Mar 2024 20:46:54 GMT" skipped="0">
  <testcase classname="com.flipkart.Flipkart_Automation.BuyNowTest" name="testBuyNowButton" time="11.902"/>
</testsuite> <!-- com.flipkart.Flipkart_Automation.BuyNowTest -->
