<?xml version="1.0" encoding="UTF-8"?>
<!-- Generated by org.testng.reporters.JUnitReportReporter -->
<testsuite hostname="IN-9GGS0F3" failures="0" tests="2" name="com.flipkart.Flipkart_Automation.PriorityTest" time="16.496" errors="0" timestamp="05 Mar 2024 20:46:54 GMT" skipped="0">
  <testcase classname="com.flipkart.Flipkart_Automation.PriorityTest" name="testAddToCart" time="11.328"/>
  <testcase classname="com.flipkart.Flipkart_Automation.PriorityTest" name="testAddNewItem" time="5.168"/>
</testsuite> <!-- com.flipkart.Flipkart_Automation.PriorityTest -->
