<?xml version="1.0" encoding="UTF-8"?>
<!-- Generated by org.testng.reporters.JUnitReportReporter -->
<testsuite hostname="IN-9GGS0F3" failures="0" tests="1" name="com.flipkart.Flipkart_Automation.PlaceOrderTest" time="14.165" errors="0" timestamp="05 Mar 2024 20:46:54 GMT" skipped="0">
  <testcase classname="com.flipkart.Flipkart_Automation.PlaceOrderTest" name="placeOrderTest" time="14.165"/>
</testsuite> <!-- com.flipkart.Flipkart_Automation.PlaceOrderTest -->
